<?xml version="1.0" encoding="UTF-8"?>
<testng-results ignored="0" total="1" passed="1" failed="0" skipped="0">
  <reporter-output>
  </reporter-output>
  <suite started-at="2023-02-12T23:24:44 GMT" name="Sample Selenium Cucumber POC" finished-at="2023-02-12T23:24:51 GMT" duration-ms="6753">
    <groups>
      <group name="cucumber">
        <method signature="AbstractTestNGCucumberTests.runScenario(io.cucumber.testng.PickleWrapper,io.cucumber.testng.FeatureWrapper)[pri:0, instance:bddselenium.runner.TestNGRunner@8458f04]" name="runScenario" class="io.cucumber.testng.AbstractTestNGCucumberTests"/>
      </group> <!-- cucumber -->
    </groups>
    <test started-at="2023-02-12T23:24:44 GMT" name="Cucumber with TestNG Test" finished-at="2023-02-12T23:24:51 GMT" duration-ms="6753">
      <class name="bddselenium.runner.TestNGRunner">
        <test-method is-config="true" signature="setUpClass(org.testng.ITestContext)[pri:0, instance:bddselenium.runner.TestNGRunner@8458f04]" started-at="2023-02-12T23:24:44 GMT" name="setUpClass" finished-at="2023-02-12T23:24:45 GMT" duration-ms="882" status="PASS">
          <params>
            <param index="0">
              <value>
                <![CDATA[org.testng.TestRunner@6fe595dc]]>
              </value>
            </param>
          </params>
          <reporter-output>
          </reporter-output>
        </test-method> <!-- setUpClass -->
        <test-method signature="runScenario(io.cucumber.testng.PickleWrapper,io.cucumber.testng.FeatureWrapper)[pri:0, instance:bddselenium.runner.TestNGRunner@8458f04]" started-at="2023-02-12T23:24:45 GMT" name="runScenario" description="Runs Cucumber Scenarios" data-provider="scenarios" finished-at="2023-02-12T23:24:50 GMT" duration-ms="4996" status="PASS">
          <params>
            <param index="0">
              <value>
                <![CDATA["Search in Google"]]>
              </value>
            </param>
            <param index="1">
              <value>
                <![CDATA["Title of your feature"]]>
              </value>
            </param>
          </params>
          <reporter-output>
          </reporter-output>
        </test-method> <!-- runScenario -->
        <test-method is-config="true" signature="tearDownClass()[pri:0, instance:bddselenium.runner.TestNGRunner@8458f04]" started-at="2023-02-12T23:24:50 GMT" name="tearDownClass" finished-at="2023-02-12T23:24:51 GMT" duration-ms="792" status="PASS">
          <reporter-output>
          </reporter-output>
        </test-method> <!-- tearDownClass -->
      </class> <!-- bddselenium.runner.TestNGRunner -->
    </test> <!-- Cucumber with TestNG Test -->
  </suite> <!-- Sample Selenium Cucumber POC -->
</testng-results>
